<?xml version="1.0" encoding="UTF-8"?>
<testsuite name="com.runner.TestRunner" time="0.023" tests="25" errors="0" skipped="2" failures="2">
  <properties>
[...]
</properties>
  <testcase name="Given Open ecommerce website" classname="Scenario: Verify Invalid Register users" time="0.01"/>
  <testcase name="Then Register user with valid email" classname="Scenario: Verify Invalid Register users" time="0"/>
  <testcase name="Then Ecommer page should shows error and should nog logged in" classname="Scenario: Verify Invalid Register users" time="0"/>
  <testcase name="And Close Browser" classname="Scenario: Verify Invalid Register users" time="0.001"/>
  <testcase name="Scenario: Verify Invalid Register users" classname="Scenario: Verify Invalid Register users" time="0.001"/>
  <testcase name="Given Open ecommerce website" classname="Scenario: Login with registered email" time="0"/>
  <testcase name="Then Register user with valid email" classname="Scenario: Login with registered email" time="0"/>
  <testcase name="Then Register should be registered successfully" classname="Scenario: Login with registered email" time="0"/>
  <testcase name="Then Sign Out" classname="Scenario: Login with registered email" time="0"/>
  <testcase name="Then Close Browser" classname="Scenario: Login with registered email" time="0"/>
  <testcase name="Scenario: Login with registered email" classname="Scenario: Login with registered email" time="0.001"/>
  <testcase name="Given Open ecommerce website" classname="Scenario: Verify Grid Sorting" time="0"/>
  <testcase name="Then Register user with valid email" classname="Scenario: Verify Grid Sorting" time="0"/>
  <testcase name="And Verify Mega Menus" classname="Scenario: Verify Grid Sorting" time="0"/>
  <testcase name="And Select Sort By" classname="Scenario: Verify Grid Sorting" time="0"/>
  <testcase name="And Select Sort By" classname="Scenario: Verify Grid Sorting" time="0.006">
    <failure message="Sorting failed for &apos;Price: Highest first&apos; for &apos;Descending&apos;" type="java.lang.AssertionError">java.lang.AssertionError: Sorting failed for 'Price: Highest first' for 'Descending'
	at org.junit.Assert.fail(Assert.java:88)
	at com.stepDefinition.ECommerceWeb.select_Sort_By(ECommerceWeb.java:495)
	at ✽.And Select Sort By(SortingGrid.feature:21)
</failure>
    <system-out><![CDATA[root of xml fileObject
==========================

$16.40

$28.98

$30.50
root of xml fileObject
==========================
Already value selected Price: Lowest first

$16.40

$28.98

$30.50
30.5 16.4
]]></system-out>
    <system-err><![CDATA[1523827176173	Marionette	DEBUG	Canceled page load listener because no navigation has been detected
]]></system-err>
  </testcase>
  <testcase name="Scenario: Verify Grid Sorting" classname="Scenario: Verify Grid Sorting" time="0.007">
    <failure message="Sorting failed for &apos;Price: Highest first&apos; for &apos;Descending&apos;" type="java.lang.AssertionError">java.lang.AssertionError: Sorting failed for 'Price: Highest first' for 'Descending'
	at org.junit.Assert.fail(Assert.java:88)
	at com.stepDefinition.ECommerceWeb.select_Sort_By(ECommerceWeb.java:495)
	at ✽.And Select Sort By(SortingGrid.feature:21)
</failure>
  </testcase>
  <testcase name="Then Sign Out" classname="Scenario: Verify Grid Sorting" time="0">
    <skipped/>
  </testcase>
  <testcase name="Then Close Browser" classname="Scenario: Verify Grid Sorting" time="0">
    <skipped/>
  </testcase>
  <testcase name="Given Open ecommerce website" classname="Scenario: Verify ecommer web Mega Menus" time="0"/>
  <testcase name="Then Register user with valid email" classname="Scenario: Verify ecommer web Mega Menus" time="0"/>
  <testcase name="And Verify Mega Menus" classname="Scenario: Verify ecommer web Mega Menus" time="0.001"/>
  <testcase name="Then Sign Out" classname="Scenario: Verify ecommer web Mega Menus" time="0.001"/>
  <testcase name="Then Close Browser" classname="Scenario: Verify ecommer web Mega Menus" time="0"/>
  <testcase name="Scenario: Verify ecommer web Mega Menus" classname="Scenario: Verify ecommer web Mega Menus" time="0.001"/>
</testsuite>